[2025-12-01 13:53:32Z INFO HostContext] No proxy settings were found based on environmental variables (http_proxy/https_proxy/HTTP_PROXY/HTTPS_PROXY)
[2025-12-01 13:53:32Z INFO HostContext] Well known directory 'Bin': '/home/pompom/assign_2/actions-runner/bin'
[2025-12-01 13:53:32Z INFO HostContext] Well known directory 'Root': '/home/pompom/assign_2/actions-runner'
[2025-12-01 13:53:32Z INFO HostContext] Well known config file 'Credentials': '/home/pompom/assign_2/actions-runner/.credentials'
[2025-12-01 13:53:32Z INFO HostContext] Well known directory 'Bin': '/home/pompom/assign_2/actions-runner/bin'
[2025-12-01 13:53:32Z INFO HostContext] Well known directory 'Root': '/home/pompom/assign_2/actions-runner'
[2025-12-01 13:53:32Z INFO HostContext] Well known config file 'Runner': '/home/pompom/assign_2/actions-runner/.runner'
[2025-12-01 13:53:32Z INFO Worker] Version: 2.329.0
[2025-12-01 13:53:32Z INFO Worker] Commit: c76c59996c8fa32e989164a5a695efb12608ae5a
[2025-12-01 13:53:32Z INFO Worker] Culture: en-US
[2025-12-01 13:53:32Z INFO Worker] UI Culture: en-US
[2025-12-01 13:53:32Z INFO Worker] Waiting to receive the job message from the channel.
[2025-12-01 13:53:32Z INFO ProcessChannel] Receiving message of length 19183, with hash '8759c5c2ce4f257baaea63dcc4dab20c65becc7902aa600eebaea2396e9ff81e'
[2025-12-01 13:53:32Z INFO Worker] Message received.
[2025-12-01 13:53:33Z INFO Worker] Job message:
 {
  "fileTable": [
    ".github/workflows/cicd2.yml"
  ],
  "mask": [
    {
      "type": "regex",
      "value": "***"
    },
    {
      "type": "regex",
      "value": "***"
    },
    {
      "type": "regex",
      "value": "***"
    },
    {
      "type": "regex",
      "value": "***"
    },
    {
      "type": "regex",
      "value": "***"
    },
    {
      "type": "regex",
      "value": "***"
    },
    {
      "type": "regex",
      "value": "***"
    },
    {
      "type": "regex",
      "value": "***"
    },
    {
      "type": "regex",
      "value": "***"
    },
    {
      "type": "regex",
      "value": "***"
    },
    {
      "type": "regex",
      "value": "***"
    },
    {
      "type": "regex",
      "value": "***"
    },
    {
      "type": "regex",
      "value": "***"
    },
    {
      "type": "regex",
      "value": "***"
    },
    {
      "type": "regex",
      "value": "***"
    },
    {
      "type": "regex",
      "value": "***"
    },
    {
      "type": "regex",
      "value": "***"
    },
    {
      "type": "regex",
      "value": "***"
    }
  ],
  "steps": [
    {
      "type": "action",
      "reference": {
        "type": "script"
      },
      "displayNameToken": {
        "type": 0,
        "file": 1,
        "line": 14,
        "col": 15,
        "lit": "Set project path"
      },
      "contextName": "__run",
      "inputs": {
        "type": 2,
        "map": [
          {
            "key": "script",
            "value": {
              "type": 0,
              "file": 1,
              "line": 15,
              "col": 14,
              "lit": "PROJECT_PATH=~/assign_2\necho \"PROJECT_PATH=$PROJECT_PATH\" >> $GITHUB_ENV\n"
            }
          }
        ]
      },
      "condition": "success()",
      "id": "5484da87-f935-4534-82b7-b8020980e502",
      "name": "__run"
    },
    {
      "type": "action",
      "reference": {
        "type": "script"
      },
      "displayNameToken": {
        "type": 0,
        "file": 1,
        "line": 19,
        "col": 15,
        "lit": "Pull latest changes"
      },
      "contextName": "__run_2",
      "inputs": {
        "type": 2,
        "map": [
          {
            "key": "script",
            "value": {
              "type": 0,
              "file": 1,
              "line": 21,
              "col": 14,
              "lit": "git fetch origin main\ngit reset --hard origin/main\n"
            }
          },
          {
            "key": "workingDirectory",
            "value": {
              "type": 3,
              "file": 1,
              "line": 20,
              "col": 28,
              "expr": "env.PROJECT_PATH"
            }
          }
        ]
      },
      "condition": "success()",
      "id": "20205477-ad35-4456-8cc8-ba254b698255",
      "name": "__run_2"
    },
    {
      "type": "action",
      "reference": {
        "type": "script"
      },
      "displayNameToken": {
        "type": 0,
        "file": 1,
        "line": 25,
        "col": 15,
        "lit": "Restart Docker"
      },
      "contextName": "__run_3",
      "inputs": {
        "type": 2,
        "map": [
          {
            "key": "script",
            "value": {
              "type": 0,
              "file": 1,
              "line": 27,
              "col": 14,
              "lit": "docker compose down || true\ndocker compose up -d --build\n"
            }
          },
          {
            "key": "workingDirectory",
            "value": {
              "type": 3,
              "file": 1,
              "line": 26,
              "col": 28,
              "expr": "env.PROJECT_PATH"
            }
          }
        ]
      },
      "condition": "success()",
      "id": "fac47c22-1b2b-43b1-8f4f-c6a41da20227",
      "name": "__run_3"
    }
  ],
  "variables": {
    "Actions.EnableHttpRedirects": {
      "value": "true"
    },
    "DistributedTask.AddWarningToNode12Action": {
      "value": "true"
    },
    "DistributedTask.AddWarningToNode16Action": {
      "value": "true"
    },
    "DistributedTask.AllowRunnerContainerHooks": {
      "value": "true"
    },
    "DistributedTask.DeprecateStepOutputCommands": {
      "value": "true"
    },
    "DistributedTask.DetailUntarFailure": {
      "value": "true"
    },
    "DistributedTask.EnableCompositeActions": {
      "value": "true"
    },
    "DistributedTask.EnableJobServerQueueTelemetry": {
      "value": "true"
    },
    "DistributedTask.EnhancedAnnotations": {
      "value": "true"
    },
    "DistributedTask.ForceGithubJavascriptActionsToNode16": {
      "value": "true"
    },
    "DistributedTask.ForceGithubJavascriptActionsToNode20": {
      "value": "true"
    },
    "DistributedTask.LogTemplateErrorsAsDebugMessages": {
      "value": "true"
    },
    "DistributedTask.MarkJobAsFailedOnWorkerCrash": {
      "value": "true"
    },
    "DistributedTask.NewActionMetadata": {
      "value": "true"
    },
    "DistributedTask.UploadStepSummary": {
      "value": "true"
    },
    "DistributedTask.UseActionArchiveCache": {
      "value": "true"
    },
    "DistributedTask.UseWhich2": {
      "value": "true"
    },
    "RunService.FixEmbeddedIssues": {
      "value": "true"
    },
    "actions_add_check_run_id_to_job_context": {
      "value": "true"
    },
    "actions_container_action_runner_temp": {
      "value": "true"
    },
    "actions_display_helpful_actions_download_errors": {
      "value": "true"
    },
    "actions_skip_retry_complete_job_upon_known_errors": {
      "value": "true"
    },
    "actions_uses_cache_service_v2": {
      "value": "true"
    },
    "github_token": {
      "value": "***",
      "isSecret": true
    },
    "system.from_run_service": {
      "value": "true"
    },
    "system.github.job": {
      "value": "deploy-Pompom"
    },
    "system.github.launch_endpoint": {
      "value": "https://launch.actions.githubusercontent.com"
    },
    "system.github.results_endpoint": {
      "value": "https://results-receiver.actions.githubusercontent.com/"
    },
    "system.github.results_upload_with_sdk": {
      "value": "true"
    },
    "system.github.token": {
      "value": "***",
      "isSecret": true
    },
    "system.github.token.permissions": {
      "value": "{\"Contents\":\"read\",\"Metadata\":\"read\",\"Packages\":\"read\"}"
    },
    "system.orchestrationId": {
      "value": "e7fff10d-8483-491a-9ffd-e1a535ee8896.deploy-Pompom.__default"
    },
    "system.phaseDisplayName": {
      "value": "deploy-Pompom"
    },
    "system.runner.lowdiskspacethreshold": {
      "value": "100"
    },
    "system.runnerEnvironment": {
      "value": "self-hosted"
    },
    "system.runnerGroupName": {
      "value": "Default"
    }
  },
  "messageType": "RunnerJobRequest",
  "plan": {
    "scopeIdentifier": "00000000-0000-0000-0000-000000000000",
    "planType": "actions",
    "version": 0,
    "planId": "e7fff10d-8483-491a-9ffd-e1a535ee8896",
    "planGroup": null,
    "artifactUri": null,
    "artifactLocation": null,
    "definition": null,
    "owner": null
  },
  "timeline": {
    "id": "e7fff10d-8483-491a-9ffd-e1a535ee8896",
    "changeId": 0,
    "location": null
  },
  "jobId": "506ded24-10e5-5398-a0c1-66782c32d500",
  "jobDisplayName": "deploy-Pompom",
  "jobName": "__default",
  "requestId": 0,
  "lockedUntil": "0001-01-01T00:00:00",
  "resources": {
    "endpoints": [
      {
        "data": {
          "ServerId": "",
          "ServerName": "",
          "CacheServerUrl": "https://artifactcache.actions.githubusercontent.com/nlgfjfWgVxxM5pAdqfaD6yeJ7f05PmN8iN3vuIxsBp6nXJWnTr/",
          "FeedStreamUrl": "wss://results-receiver.actions.githubusercontent.com/_ws/ingest.sock",
          "ResultsServiceUrl": "https://results-receiver.actions.githubusercontent.com/",
          "PipelinesServiceUrl": "https://pipelinesghubeus14.actions.githubusercontent.com/nlgfjfWgVxxM5pAdqfaD6yeJ7f05PmN8iN3vuIxsBp6nXJWnTr/",
          "GenerateIdTokenUrl": ""
        },
        "name": "SystemVssConnection",
        "url": "https://run-actions-1-azure-eastus.actions.githubusercontent.com/159/",
        "authorization": {
          "parameters": {
            "AccessToken": "***"
          },
          "scheme": "OAuth"
        },
        "isShared": false,
        "isReady": true
      }
    ]
  },
  "contextData": {
    "github": {
      "t": 2,
      "d": [
        {
          "k": "ref",
          "v": "refs/heads/main"
        },
        {
          "k": "sha",
          "v": "208ba3a67214aae47f333c940dd3958baa018bf6"
        },
        {
          "k": "repository",
          "v": "pompomv/assign_2"
        },
        {
          "k": "repository_owner",
          "v": "pompomv"
        },
        {
          "k": "repository_owner_id",
          "v": "100103631"
        },
        {
          "k": "repositoryUrl",
          "v": "git://github.com/pompomv/assign_2.git"
        },
        {
          "k": "run_id",
          "v": "19817575229"
        },
        {
          "k": "run_number",
          "v": "1"
        },
        {
          "k": "retention_days",
          "v": "90"
        },
        {
          "k": "run_attempt",
          "v": "1"
        },
        {
          "k": "artifact_cache_size_limit",
          "v": "10"
        },
        {
          "k": "repository_visibility",
          "v": "public"
        },
        {
          "k": "actor_id",
          "v": "100103631"
        },
        {
          "k": "actor",
          "v": "pompomv"
        },
        {
          "k": "workflow",
          "v": "CI/CD Auto Deploy"
        },
        {
          "k": "head_ref",
          "v": ""
        },
        {
          "k": "base_ref",
          "v": ""
        },
        {
          "k": "event_name",
          "v": "push"
        },
        {
          "k": "server_url",
          "v": "https://github.com"
        },
        {
          "k": "api_url",
          "v": "https://api.github.com"
        },
        {
          "k": "graphql_url",
          "v": "https://api.github.com/graphql"
        },
        {
          "k": "ref_name",
          "v": "main"
        },
        {
          "k": "ref_protected",
          "v": false
        },
        {
          "k": "ref_type",
          "v": "branch"
        },
        {
          "k": "secret_source",
          "v": "Actions"
        },
        {
          "k": "event",
          "v": {
            "t": 2,
            "d": [
              {
                "k": "after",
                "v": "208ba3a67214aae47f333c940dd3958baa018bf6"
              },
              {
                "k": "base_ref",
                "v": null
              },
              {
                "k": "before",
                "v": "fd496e99fe5bb1a0e39fb23e6162d890a5894ac6"
              },
              {
                "k": "commits",
                "v": {
                  "t": 1,
                  "a": [
                    {
                      "t": 2,
                      "d": [
                        {
                          "k": "author",
                          "v": {
                            "t": 2,
                            "d": [
                              {
                                "k": "email",
                                "v": "100103631+pompomv@users.noreply.github.com"
                              },
                              {
                                "k": "name",
                                "v": "Rifa Faviandra"
                              },
                              {
                                "k": "username",
                                "v": "pompomv"
                              }
                            ]
                          }
                        },
                        {
                          "k": "committer",
                          "v": {
                            "t": 2,
                            "d": [
                              {
                                "k": "email",
                                "v": "noreply@github.com"
                              },
                              {
                                "k": "name",
                                "v": "GitHub"
                              },
                              {
                                "k": "username",
                                "v": "web-flow"
                              }
                            ]
                          }
                        },
                        {
                          "k": "distinct",
                          "v": true
                        },
                        {
                          "k": "id",
                          "v": "208ba3a67214aae47f333c940dd3958baa018bf6"
                        },
                        {
                          "k": "message",
                          "v": "Add CI/CD workflow for auto deployment"
                        },
                        {
                          "k": "timestamp",
                          "v": "2025-12-01T16:22:21+07:00"
                        },
                        {
                          "k": "tree_id",
                          "v": "8c51af8f6f69381256a42986b2a38c94bc10cf17"
                        },
                        {
                          "k": "url",
                          "v": "https://github.com/pompomv/assign_2/commit/208ba3a67214aae47f333c940dd3958baa018bf6"
                        }
                      ]
                    }
                  ]
                }
              },
              {
                "k": "compare",
                "v": "https://github.com/pompomv/assign_2/compare/fd496e99fe5b...208ba3a67214"
              },
              {
                "k": "created",
                "v": false
              },
              {
                "k": "deleted",
                "v": false
              },
              {
                "k": "forced",
                "v": false
              },
              {
                "k": "head_commit",
                "v": {
                  "t": 2,
                  "d": [
                    {
                      "k": "author",
                      "v": {
                        "t": 2,
                        "d": [
                          {
                            "k": "email",
                            "v": "100103631+pompomv@users.noreply.github.com"
                          },
                          {
                            "k": "name",
                            "v": "Rifa Faviandra"
                          },
                          {
                            "k": "username",
                            "v": "pompomv"
                          }
                        ]
                      }
                    },
                    {
                      "k": "committer",
                      "v": {
                        "t": 2,
                        "d": [
                          {
                            "k": "email",
                            "v": "noreply@github.com"
                          },
                          {
                            "k": "name",
                            "v": "GitHub"
                          },
                          {
                            "k": "username",
                            "v": "web-flow"
                          }
                        ]
                      }
                    },
                    {
                      "k": "distinct",
                      "v": true
                    },
                    {
                      "k": "id",
                      "v": "208ba3a67214aae47f333c940dd3958baa018bf6"
                    },
                    {
                      "k": "message",
                      "v": "Add CI/CD workflow for auto deployment"
                    },
                    {
                      "k": "timestamp",
                      "v": "2025-12-01T16:22:21+07:00"
                    },
                    {
                      "k": "tree_id",
                      "v": "8c51af8f6f69381256a42986b2a38c94bc10cf17"
                    },
                    {
                      "k": "url",
                      "v": "https://github.com/pompomv/assign_2/commit/208ba3a67214aae47f333c940dd3958baa018bf6"
                    }
                  ]
                }
              },
              {
                "k": "pusher",
                "v": {
                  "t": 2,
                  "d": [
                    {
                      "k": "email",
                      "v": "100103631+pompomv@users.noreply.github.com"
                    },
                    {
                      "k": "name",
                      "v": "pompomv"
                    }
                  ]
                }
              },
              {
                "k": "ref",
                "v": "refs/heads/main"
              },
              {
                "k": "repository",
                "v": {
                  "t": 2,
                  "d": [
                    {
                      "k": "allow_forking",
                      "v": true
                    },
                    {
                      "k": "archive_url",
                      "v": "https://api.github.com/repos/pompomv/assign_2/{archive_format}{/ref}"
                    },
                    {
                      "k": "archived",
                      "v": false
                    },
                    {
                      "k": "assignees_url",
                      "v": "https://api.github.com/repos/pompomv/assign_2/assignees{/user}"
                    },
                    {
                      "k": "blobs_url",
                      "v": "https://api.github.com/repos/pompomv/assign_2/git/blobs{/sha}"
                    },
                    {
                      "k": "branches_url",
                      "v": "https://api.github.com/repos/pompomv/assign_2/branches{/branch}"
                    },
                    {
                      "k": "clone_url",
                      "v": "https://github.com/pompomv/assign_2.git"
                    },
                    {
                      "k": "collaborators_url",
                      "v": "https://api.github.com/repos/pompomv/assign_2/collaborators{/collaborator}"
                    },
                    {
                      "k": "comments_url",
                      "v": "https://api.github.com/repos/pompomv/assign_2/comments{/number}"
                    },
                    {
                      "k": "commits_url",
                      "v": "https://api.github.com/repos/pompomv/assign_2/commits{/sha}"
                    },
                    {
                      "k": "compare_url",
                      "v": "https://api.github.com/repos/pompomv/assign_2/compare/{base}...{head}"
                    },
                    {
                      "k": "contents_url",
                      "v": "https://api.github.com/repos/pompomv/assign_2/contents/{+path}"
                    },
                    {
                      "k": "contributors_url",
                      "v": "https://api.github.com/repos/pompomv/assign_2/contributors"
                    },
                    {
                      "k": "created_at",
                      "v": 1762834750.0
                    },
                    {
                      "k": "default_branch",
                      "v": "main"
                    },
                    {
                      "k": "deployments_url",
                      "v": "https://api.github.com/repos/pompomv/assign_2/deployments"
                    },
                    {
                      "k": "description",
                      "v": null
                    },
                    {
                      "k": "disabled",
                      "v": false
                    },
                    {
                      "k": "downloads_url",
                      "v": "https://api.github.com/repos/pompomv/assign_2/downloads"
                    },
                    {
                      "k": "events_url",
                      "v": "https://api.github.com/repos/pompomv/assign_2/events"
                    },
                    {
                      "k": "fork",
                      "v": false
                    },
                    {
                      "k": "forks",
                      "v": 0.0
                    },
                    {
                      "k": "forks_count",
                      "v": 0.0
                    },
                    {
                      "k": "forks_url",
                      "v": "https://api.github.com/repos/pompomv/assign_2/forks"
                    },
                    {
                      "k": "full_name",
                      "v": "pompomv/assign_2"
                    },
                    {
                      "k": "git_commits_url",
                      "v": "https://api.github.com/repos/pompomv/assign_2/git/commits{/sha}"
                    },
                    {
                      "k": "git_refs_url",
                      "v": "https://api.github.com/repos/pompomv/assign_2/git/refs{/sha}"
                    },
                    {
                      "k": "git_tags_url",
                      "v": "https://api.github.com/repos/pompomv/assign_2/git/tags{/sha}"
                    },
                    {
                      "k": "git_url",
                      "v": "git://github.com/pompomv/assign_2.git"
                    },
                    {
                      "k": "has_discussions",
                      "v": false
                    },
                    {
                      "k": "has_downloads",
                      "v": true
                    },
                    {
                      "k": "has_issues",
                      "v": true
                    },
                    {
                      "k": "has_pages",
                      "v": false
                    },
                    {
                      "k": "has_projects",
                      "v": true
                    },
                    {
                      "k": "has_wiki",
                      "v": false
                    },
                    {
                      "k": "homepage",
                      "v": null
                    },
                    {
                      "k": "hooks_url",
                      "v": "https://api.github.com/repos/pompomv/assign_2/hooks"
                    },
                    {
                      "k": "html_url",
                      "v": "https://github.com/pompomv/assign_2"
                    },
                    {
                      "k": "id",
                      "v": 1093960173.0
                    },
                    {
                      "k": "is_template",
                      "v": false
                    },
                    {
                      "k": "issue_comment_url",
                      "v": "https://api.github.com/repos/pompomv/assign_2/issues/comments{/number}"
                    },
                    {
                      "k": "issue_events_url",
                      "v": "https://api.github.com/repos/pompomv/assign_2/issues/events{/number}"
                    },
                    {
                      "k": "issues_url",
                      "v": "https://api.github.com/repos/pompomv/assign_2/issues{/number}"
                    },
                    {
                      "k": "keys_url",
                      "v": "https://api.github.com/repos/pompomv/assign_2/keys{/key_id}"
                    },
                    {
                      "k": "labels_url",
                      "v": "https://api.github.com/repos/pompomv/assign_2/labels{/name}"
                    },
                    {
                      "k": "language",
                      "v": "PHP"
                    },
                    {
                      "k": "languages_url",
                      "v": "https://api.github.com/repos/pompomv/assign_2/languages"
                    },
                    {
                      "k": "license",
                      "v": null
                    },
                    {
                      "k": "master_branch",
                      "v": "main"
                    },
                    {
                      "k": "merges_url",
                      "v": "https://api.github.com/repos/pompomv/assign_2/merges"
                    },
                    {
                      "k": "milestones_url",
                      "v": "https://api.github.com/repos/pompomv/assign_2/milestones{/number}"
                    },
                    {
                      "k": "mirror_url",
                      "v": null
                    },
                    {
                      "k": "name",
                      "v": "assign_2"
                    },
                    {
                      "k": "node_id",
                      "v": "R_kgDOQTSB7Q"
                    },
                    {
                      "k": "notifications_url",
                      "v": "https://api.github.com/repos/pompomv/assign_2/notifications{?since,all,participating}"
                    },
                    {
                      "k": "open_issues",
                      "v": 1.0
                    },
                    {
                      "k": "open_issues_count",
                      "v": 1.0
                    },
                    {
                      "k": "owner",
                      "v": {
                        "t": 2,
                        "d": [
                          {
                            "k": "avatar_url",
                            "v": "https://avatars.githubusercontent.com/u/100103631?v=4"
                          },
                          {
                            "k": "email",
                            "v": "100103631+pompomv@users.noreply.github.com"
                          },
                          {
                            "k": "events_url",
                            "v": "https://api.github.com/users/pompomv/events{/privacy}"
                          },
                          {
                            "k": "followers_url",
                            "v": "https://api.github.com/users/pompomv/followers"
                          },
                          {
                            "k": "following_url",
                            "v": "https://api.github.com/users/pompomv/following{/other_user}"
                          },
                          {
                            "k": "gists_url",
                            "v": "https://api.github.com/users/pompomv/gists{/gist_id}"
                          },
                          {
                            "k": "gravatar_id",
                            "v": ""
                          },
                          {
                            "k": "html_url",
                            "v": "https://github.com/pompomv"
                          },
                          {
                            "k": "id",
                            "v": 100103631.0
                          },
                          {
                            "k": "login",
                            "v": "pompomv"
                          },
                          {
                            "k": "name",
                            "v": "pompomv"
                          },
                          {
                            "k": "node_id",
                            "v": "U_kgDOBfd1zw"
                          },
                          {
                            "k": "organizations_url",
                            "v": "https://api.github.com/users/pompomv/orgs"
                          },
                          {
                            "k": "received_events_url",
                            "v": "https://api.github.com/users/pompomv/received_events"
                          },
                          {
                            "k": "repos_url",
                            "v": "https://api.github.com/users/pompomv/repos"
                          },
                          {
                            "k": "site_admin",
                            "v": false
                          },
                          {
                            "k": "starred_url",
                            "v": "https://api.github.com/users/pompomv/starred{/owner}{/repo}"
                          },
                          {
                            "k": "subscriptions_url",
                            "v": "https://api.github.com/users/pompomv/subscriptions"
                          },
                          {
                            "k": "type",
                            "v": "User"
                          },
                          {
                            "k": "url",
                            "v": "https://api.github.com/users/pompomv"
                          },
                          {
                            "k": "user_view_type",
                            "v": "public"
                          }
                        ]
                      }
                    },
                    {
                      "k": "private",
                      "v": false
                    },
                    {
                      "k": "pulls_url",
                      "v": "https://api.github.com/repos/pompomv/assign_2/pulls{/number}"
                    },
                    {
                      "k": "pushed_at",
                      "v": 1764580941.0
                    },
                    {
                      "k": "releases_url",
                      "v": "https://api.github.com/repos/pompomv/assign_2/releases{/id}"
                    },
                    {
                      "k": "size",
                      "v": 19236.0
                    },
                    {
                      "k": "ssh_url",
                      "v": "git@github.com:pompomv/assign_2.git"
                    },
                    {
                      "k": "stargazers",
                      "v": 0.0
                    },
                    {
                      "k": "stargazers_count",
                      "v": 0.0
                    },
                    {
                      "k": "stargazers_url",
                      "v": "https://api.github.com/repos/pompomv/assign_2/stargazers"
                    },
                    {
                      "k": "statuses_url",
                      "v": "https://api.github.com/repos/pompomv/assign_2/statuses/{sha}"
                    },
                    {
                      "k": "subscribers_url",
                      "v": "https://api.github.com/repos/pompomv/assign_2/subscribers"
                    },
                    {
                      "k": "subscription_url",
                      "v": "https://api.github.com/repos/pompomv/assign_2/subscription"
                    },
                    {
                      "k": "svn_url",
                      "v": "https://github.com/pompomv/assign_2"
                    },
                    {
                      "k": "tags_url",
                      "v": "https://api.github.com/repos/pompomv/assign_2/tags"
                    },
                    {
                      "k": "teams_url",
                      "v": "https://api.github.com/repos/pompomv/assign_2/teams"
                    },
                    {
                      "k": "topics",
                      "v": {
                        "t": 1
                      }
                    },
                    {
                      "k": "trees_url",
                      "v": "https://api.github.com/repos/pompomv/assign_2/git/trees{/sha}"
                    },
                    {
                      "k": "updated_at",
                      "v": "2025-12-01T09:21:28Z"
                    },
                    {
                      "k": "url",
                      "v": "https://api.github.com/repos/pompomv/assign_2"
                    },
                    {
                      "k": "visibility",
                      "v": "public"
                    },
                    {
                      "k": "watchers",
                      "v": 0.0
                    },
                    {
                      "k": "watchers_count",
                      "v": 0.0
                    },
                    {
                      "k": "web_commit_signoff_required",
                      "v": false
                    }
                  ]
                }
              },
              {
                "k": "sender",
                "v": {
                  "t": 2,
                  "d": [
                    {
                      "k": "avatar_url",
                      "v": "https://avatars.githubusercontent.com/u/100103631?v=4"
                    },
                    {
                      "k": "events_url",
                      "v": "https://api.github.com/users/pompomv/events{/privacy}"
                    },
                    {
                      "k": "followers_url",
                      "v": "https://api.github.com/users/pompomv/followers"
                    },
                    {
                      "k": "following_url",
                      "v": "https://api.github.com/users/pompomv/following{/other_user}"
                    },
                    {
                      "k": "gists_url",
                      "v": "https://api.github.com/users/pompomv/gists{/gist_id}"
                    },
                    {
                      "k": "gravatar_id",
                      "v": ""
                    },
                    {
                      "k": "html_url",
                      "v": "https://github.com/pompomv"
                    },
                    {
                      "k": "id",
                      "v": 100103631.0
                    },
                    {
                      "k": "login",
                      "v": "pompomv"
                    },
                    {
                      "k": "node_id",
                      "v": "U_kgDOBfd1zw"
                    },
                    {
                      "k": "organizations_url",
                      "v": "https://api.github.com/users/pompomv/orgs"
                    },
                    {
                      "k": "received_events_url",
                      "v": "https://api.github.com/users/pompomv/received_events"
                    },
                    {
                      "k": "repos_url",
                      "v": "https://api.github.com/users/pompomv/repos"
                    },
                    {
                      "k": "site_admin",
                      "v": false
                    },
                    {
                      "k": "starred_url",
                      "v": "https://api.github.com/users/pompomv/starred{/owner}{/repo}"
                    },
                    {
                      "k": "subscriptions_url",
                      "v": "https://api.github.com/users/pompomv/subscriptions"
                    },
                    {
                      "k": "type",
                      "v": "User"
                    },
                    {
                      "k": "url",
                      "v": "https://api.github.com/users/pompomv"
                    },
                    {
                      "k": "user_view_type",
                      "v": "public"
                    }
                  ]
                }
              }
            ]
          }
        },
        {
          "k": "workflow_ref",
          "v": "pompomv/assign_2/.github/workflows/cicd2.yml@refs/heads/main"
        },
        {
          "k": "workflow_sha",
          "v": "208ba3a67214aae47f333c940dd3958baa018bf6"
        },
        {
          "k": "repository_id",
          "v": "1093960173"
        },
        {
          "k": "triggering_actor",
          "v": "pompomv"
        }
      ]
    },
    "inputs": {
      "t": 2
    },
    "job": {
      "t": 2,
      "d": [
        {
          "k": "check_run_id",
          "v": 56772192293.0
        }
      ]
    },
    "matrix": null,
    "needs": {
      "t": 2
    },
    "strategy": {
      "t": 2,
      "d": [
        {
          "k": "fail-fast",
          "v": true
        },
        {
          "k": "job-index",
          "v": 0.0
        },
        {
          "k": "job-total",
          "v": 1.0
        },
        {
          "k": "max-parallel",
          "v": 1.0
        }
      ]
    },
    "vars": {
      "t": 2
    }
  },
  "billingOwnerId": "U_kgDOBfd1zw"
}
[2025-12-01 13:53:33Z INFO JobRunner] Job ID 506ded24-10e5-5398-a0c1-66782c32d500
[2025-12-01 13:53:33Z INFO ConfigurationStore] currentAssemblyLocation: /home/pompom/assign_2/actions-runner/bin/Runner.Worker.dll
[2025-12-01 13:53:33Z INFO HostContext] Well known directory 'Bin': '/home/pompom/assign_2/actions-runner/bin'
[2025-12-01 13:53:33Z INFO ConfigurationStore] binPath: /home/pompom/assign_2/actions-runner/bin
[2025-12-01 13:53:33Z INFO HostContext] Well known directory 'Bin': '/home/pompom/assign_2/actions-runner/bin'
[2025-12-01 13:53:33Z INFO HostContext] Well known directory 'Root': '/home/pompom/assign_2/actions-runner'
[2025-12-01 13:53:33Z INFO ConfigurationStore] RootFolder: /home/pompom/assign_2/actions-runner
[2025-12-01 13:53:33Z INFO HostContext] Well known directory 'Bin': '/home/pompom/assign_2/actions-runner/bin'
[2025-12-01 13:53:33Z INFO HostContext] Well known directory 'Root': '/home/pompom/assign_2/actions-runner'
[2025-12-01 13:53:33Z INFO HostContext] Well known config file 'Runner': '/home/pompom/assign_2/actions-runner/.runner'
[2025-12-01 13:53:33Z INFO ConfigurationStore] ConfigFilePath: /home/pompom/assign_2/actions-runner/.runner
[2025-12-01 13:53:33Z INFO HostContext] Well known directory 'Bin': '/home/pompom/assign_2/actions-runner/bin'
[2025-12-01 13:53:33Z INFO HostContext] Well known directory 'Root': '/home/pompom/assign_2/actions-runner'
[2025-12-01 13:53:33Z INFO HostContext] Well known config file 'MigratedRunner': '/home/pompom/assign_2/actions-runner/.runner_migrated'
[2025-12-01 13:53:33Z INFO ConfigurationStore] MigratedConfigFilePath: /home/pompom/assign_2/actions-runner/.runner_migrated
[2025-12-01 13:53:33Z INFO HostContext] Well known directory 'Bin': '/home/pompom/assign_2/actions-runner/bin'
[2025-12-01 13:53:33Z INFO HostContext] Well known directory 'Root': '/home/pompom/assign_2/actions-runner'
[2025-12-01 13:53:33Z INFO HostContext] Well known config file 'Credentials': '/home/pompom/assign_2/actions-runner/.credentials'
[2025-12-01 13:53:33Z INFO ConfigurationStore] CredFilePath: /home/pompom/assign_2/actions-runner/.credentials
[2025-12-01 13:53:33Z INFO HostContext] Well known directory 'Bin': '/home/pompom/assign_2/actions-runner/bin'
[2025-12-01 13:53:33Z INFO HostContext] Well known directory 'Root': '/home/pompom/assign_2/actions-runner'
[2025-12-01 13:53:33Z INFO HostContext] Well known config file 'MigratedCredentials': '/home/pompom/assign_2/actions-runner/.credentials_migrated'
[2025-12-01 13:53:33Z INFO ConfigurationStore] MigratedCredFilePath: /home/pompom/assign_2/actions-runner/.credentials_migrated
[2025-12-01 13:53:33Z INFO HostContext] Well known directory 'Bin': '/home/pompom/assign_2/actions-runner/bin'
[2025-12-01 13:53:33Z INFO HostContext] Well known directory 'Root': '/home/pompom/assign_2/actions-runner'
[2025-12-01 13:53:33Z INFO HostContext] Well known config file 'Service': '/home/pompom/assign_2/actions-runner/.service'
[2025-12-01 13:53:33Z INFO ConfigurationStore] ServiceConfigFilePath: /home/pompom/assign_2/actions-runner/.service
[2025-12-01 13:53:33Z INFO ConfigurationStore] Read setting file: 377 chars
[2025-12-01 13:53:33Z INFO JobRunner] Initializing launch client
[2025-12-01 13:53:33Z INFO JobServerQueue] Initializing results client
[2025-12-01 13:53:33Z INFO ResultServer] Creating websocket client ...wss://results-receiver.actions.githubusercontent.com/_ws/ingest.sock
[2025-12-01 13:53:33Z INFO ResultServer] Attempting to start websocket client with delay 00:00:00.
[2025-12-01 13:53:33Z INFO JobServerQueue] Start process web console line queue.
[2025-12-01 13:53:33Z INFO JobServerQueue] Start process file upload queue.
[2025-12-01 13:53:33Z INFO JobServerQueue] Start results file upload queue.
[2025-12-01 13:53:33Z INFO JobServerQueue] Starting results-based upload queue...
[2025-12-01 13:53:33Z INFO JobServerQueue] Start process timeline update queue.
[2025-12-01 13:53:33Z INFO ExecutionContext] Initializing Job context
[2025-12-01 13:53:33Z INFO ExecutionContext] Initialize GitHub context
[2025-12-01 13:53:33Z INFO ExecutionContext] Initialize Env context
[2025-12-01 13:53:33Z INFO HostContext] Well known directory 'Bin': '/home/pompom/assign_2/actions-runner/bin'
[2025-12-01 13:53:33Z INFO HostContext] Well known directory 'Root': '/home/pompom/assign_2/actions-runner'
[2025-12-01 13:53:33Z INFO HostContext] Well known directory 'Diag': '/home/pompom/assign_2/actions-runner/_diag'
[2025-12-01 13:53:33Z INFO HostContext] Well known directory 'Bin': '/home/pompom/assign_2/actions-runner/bin'
[2025-12-01 13:53:33Z INFO HostContext] Well known directory 'Root': '/home/pompom/assign_2/actions-runner'
[2025-12-01 13:53:33Z INFO HostContext] Well known directory 'Diag': '/home/pompom/assign_2/actions-runner/_diag'
[2025-12-01 13:53:33Z INFO JobRunner] Starting the job execution context.
[2025-12-01 13:53:33Z INFO HostContext] Well known directory 'Bin': '/home/pompom/assign_2/actions-runner/bin'
[2025-12-01 13:53:33Z INFO HostContext] Well known directory 'Root': '/home/pompom/assign_2/actions-runner'
[2025-12-01 13:53:33Z INFO HostContext] Well known directory 'Work': '/home/pompom/assign_2/actions-runner/_work'
[2025-12-01 13:53:33Z INFO JobRunner] Validating directory permissions for: '/home/pompom/assign_2/actions-runner/_work'
[2025-12-01 13:53:33Z INFO HostContext] Well known directory 'Bin': '/home/pompom/assign_2/actions-runner/bin'
[2025-12-01 13:53:33Z INFO HostContext] Well known directory 'Root': '/home/pompom/assign_2/actions-runner'
[2025-12-01 13:53:33Z INFO HostContext] Well known directory 'Work': '/home/pompom/assign_2/actions-runner/_work'
[2025-12-01 13:53:33Z INFO HostContext] Well known directory 'Tools': '/home/pompom/assign_2/actions-runner/_work/_tool'
[2025-12-01 13:53:33Z INFO HostContext] Well known directory 'Bin': '/home/pompom/assign_2/actions-runner/bin'
[2025-12-01 13:53:33Z INFO HostContext] Well known directory 'Root': '/home/pompom/assign_2/actions-runner'
[2025-12-01 13:53:33Z INFO HostContext] Well known directory 'Work': '/home/pompom/assign_2/actions-runner/_work'
[2025-12-01 13:53:33Z INFO HostContext] Well known directory 'Temp': '/home/pompom/assign_2/actions-runner/_work/_temp'
[2025-12-01 13:53:33Z INFO JobRunner] Getting job extension.
[2025-12-01 13:53:33Z INFO JobRunner] Initialize job. Getting all job steps.
[2025-12-01 13:53:33Z INFO HostContext] Well known directory 'Bin': '/home/pompom/assign_2/actions-runner/bin'
[2025-12-01 13:53:33Z INFO HostContext] Well known directory 'Root': '/home/pompom/assign_2/actions-runner'
[2025-12-01 13:53:33Z INFO HostContext] Well known directory 'Diag': '/home/pompom/assign_2/actions-runner/_diag'
[2025-12-01 13:53:33Z INFO HostContext] Well known directory 'Bin': '/home/pompom/assign_2/actions-runner/bin'
[2025-12-01 13:53:33Z INFO HostContext] Well known directory 'Root': '/home/pompom/assign_2/actions-runner'
[2025-12-01 13:53:33Z INFO HostContext] Well known directory 'Diag': '/home/pompom/assign_2/actions-runner/_diag'
[2025-12-01 13:53:33Z INFO HostContext] Well known directory 'Bin': '/home/pompom/assign_2/actions-runner/bin'
[2025-12-01 13:53:33Z INFO HostContext] Well known directory 'Root': '/home/pompom/assign_2/actions-runner'
[2025-12-01 13:53:33Z INFO HostContext] Well known config file 'Credentials': '/home/pompom/assign_2/actions-runner/.credentials'
[2025-12-01 13:53:33Z INFO HostContext] Well known directory 'Bin': '/home/pompom/assign_2/actions-runner/bin'
[2025-12-01 13:53:33Z INFO HostContext] Well known directory 'Root': '/home/pompom/assign_2/actions-runner'
[2025-12-01 13:53:33Z INFO HostContext] Well known config file 'SetupInfo': '/home/pompom/assign_2/actions-runner/.setup_info'
[2025-12-01 13:53:33Z INFO HostContext] Well known directory 'Bin': '/home/pompom/assign_2/actions-runner/bin'
[2025-12-01 13:53:33Z INFO HostContext] Well known directory 'Root': '/home/pompom/assign_2/actions-runner'
[2025-12-01 13:53:33Z INFO HostContext] Well known directory 'Work': '/home/pompom/assign_2/actions-runner/_work'
[2025-12-01 13:53:33Z INFO PipelineDirectoryManager] Loading tracking config if exists: /home/pompom/assign_2/actions-runner/_work/_PipelineMapping/pompomv/assign_2/PipelineFolder.json
[2025-12-01 13:53:33Z INFO PipelineDirectoryManager] Updating job run properties.
[2025-12-01 13:53:33Z INFO HostContext] Well known directory 'Bin': '/home/pompom/assign_2/actions-runner/bin'
[2025-12-01 13:53:33Z INFO HostContext] Well known directory 'Root': '/home/pompom/assign_2/actions-runner'
[2025-12-01 13:53:33Z INFO HostContext] Well known directory 'Work': '/home/pompom/assign_2/actions-runner/_work'
[2025-12-01 13:53:33Z INFO HostContext] Well known directory 'Bin': '/home/pompom/assign_2/actions-runner/bin'
[2025-12-01 13:53:33Z INFO HostContext] Well known directory 'Root': '/home/pompom/assign_2/actions-runner'
[2025-12-01 13:53:33Z INFO HostContext] Well known directory 'Work': '/home/pompom/assign_2/actions-runner/_work'
[2025-12-01 13:53:33Z INFO HostContext] Well known directory 'Bin': '/home/pompom/assign_2/actions-runner/bin'
[2025-12-01 13:53:33Z INFO HostContext] Well known directory 'Root': '/home/pompom/assign_2/actions-runner'
[2025-12-01 13:53:33Z INFO HostContext] Well known directory 'Work': '/home/pompom/assign_2/actions-runner/_work'
[2025-12-01 13:53:33Z INFO JobExtension] Downloading actions
[2025-12-01 13:53:33Z INFO HostContext] Well known directory 'Bin': '/home/pompom/assign_2/actions-runner/bin'
[2025-12-01 13:53:33Z INFO HostContext] Well known directory 'Root': '/home/pompom/assign_2/actions-runner'
[2025-12-01 13:53:33Z INFO HostContext] Well known directory 'Work': '/home/pompom/assign_2/actions-runner/_work'
[2025-12-01 13:53:33Z INFO HostContext] Well known directory 'Actions': '/home/pompom/assign_2/actions-runner/_work/_actions'
[2025-12-01 13:53:33Z INFO JobExtension] Adding .
[2025-12-01 13:53:33Z INFO JobExtension] Adding .
[2025-12-01 13:53:33Z INFO JobExtension] Adding .
[2025-12-01 13:53:33Z INFO HostContext] Well known directory 'Bin': '/home/pompom/assign_2/actions-runner/bin'
[2025-12-01 13:53:33Z INFO HostContext] Well known directory 'Root': '/home/pompom/assign_2/actions-runner'
[2025-12-01 13:53:33Z INFO HostContext] Well known directory 'Diag': '/home/pompom/assign_2/actions-runner/_diag'
[2025-12-01 13:53:33Z INFO HostContext] Well known directory 'Bin': '/home/pompom/assign_2/actions-runner/bin'
[2025-12-01 13:53:33Z INFO HostContext] Well known directory 'Root': '/home/pompom/assign_2/actions-runner'
[2025-12-01 13:53:33Z INFO HostContext] Well known directory 'Diag': '/home/pompom/assign_2/actions-runner/_diag'
[2025-12-01 13:53:33Z INFO HostContext] Well known directory 'Bin': '/home/pompom/assign_2/actions-runner/bin'
[2025-12-01 13:53:33Z INFO HostContext] Well known directory 'Root': '/home/pompom/assign_2/actions-runner'
[2025-12-01 13:53:33Z INFO HostContext] Well known directory 'Diag': '/home/pompom/assign_2/actions-runner/_diag'
[2025-12-01 13:53:33Z INFO HostContext] Well known directory 'Bin': '/home/pompom/assign_2/actions-runner/bin'
[2025-12-01 13:53:33Z INFO HostContext] Well known directory 'Root': '/home/pompom/assign_2/actions-runner'
[2025-12-01 13:53:33Z INFO HostContext] Well known directory 'Diag': '/home/pompom/assign_2/actions-runner/_diag'
[2025-12-01 13:53:33Z INFO HostContext] Well known directory 'Bin': '/home/pompom/assign_2/actions-runner/bin'
[2025-12-01 13:53:33Z INFO HostContext] Well known directory 'Root': '/home/pompom/assign_2/actions-runner'
[2025-12-01 13:53:33Z INFO HostContext] Well known directory 'Diag': '/home/pompom/assign_2/actions-runner/_diag'
[2025-12-01 13:53:33Z INFO HostContext] Well known directory 'Bin': '/home/pompom/assign_2/actions-runner/bin'
[2025-12-01 13:53:33Z INFO HostContext] Well known directory 'Root': '/home/pompom/assign_2/actions-runner'
[2025-12-01 13:53:33Z INFO HostContext] Well known directory 'Diag': '/home/pompom/assign_2/actions-runner/_diag'
[2025-12-01 13:53:33Z INFO JobExtension] Total accessible running process: 26.
[2025-12-01 13:53:33Z INFO HostContext] Well known directory 'Bin': '/home/pompom/assign_2/actions-runner/bin'
[2025-12-01 13:53:33Z INFO HostContext] Well known directory 'Root': '/home/pompom/assign_2/actions-runner'
[2025-12-01 13:53:33Z INFO HostContext] Well known directory 'Work': '/home/pompom/assign_2/actions-runner/_work'
[2025-12-01 13:53:33Z INFO JobExtension] Start checking service connectivity in background.
[2025-12-01 13:53:33Z INFO ExecutionContext] Publish step telemetry for current step {
  "action": "setup_job",
  "type": "runner",
  "stage": "Pre",
  "stepId": "4f56cfb8-7ae0-4875-9448-4eae616a993f",
  "result": "succeeded",
  "errorMessages": [],
  "executionTimeInSeconds": 1,
  "startTime": "2025-12-01T13:53:33.2680531Z",
  "finishTime": "2025-12-01T13:53:33.3710982Z"
}.
[2025-12-01 13:53:33Z INFO JobRunner] Total job steps: 3.
[2025-12-01 13:53:33Z INFO JobRunner] Run all job steps.
[2025-12-01 13:53:33Z INFO StepsRunner] Processing step: DisplayName='Set project path'
[2025-12-01 13:53:33Z INFO StepsRunner] Evaluating: success()
[2025-12-01 13:53:33Z INFO StepsRunner] Result: true
[2025-12-01 13:53:33Z INFO StepsRunner] Starting the step.
[2025-12-01 13:53:33Z INFO HostContext] Well known directory 'Bin': '/home/pompom/assign_2/actions-runner/bin'
[2025-12-01 13:53:33Z INFO HostContext] Well known directory 'Root': '/home/pompom/assign_2/actions-runner'
[2025-12-01 13:53:33Z INFO HostContext] Well known directory 'Work': '/home/pompom/assign_2/actions-runner/_work'
[2025-12-01 13:53:33Z INFO HostContext] Well known directory 'Temp': '/home/pompom/assign_2/actions-runner/_work/_temp'
[2025-12-01 13:53:33Z INFO ExecutionContext] Write event payload to /home/pompom/assign_2/actions-runner/_work/_temp/_github_workflow/event.json
[2025-12-01 13:53:33Z INFO HostContext] Well known directory 'Bin': '/home/pompom/assign_2/actions-runner/bin'
[2025-12-01 13:53:33Z INFO HostContext] Well known directory 'Root': '/home/pompom/assign_2/actions-runner'
[2025-12-01 13:53:33Z INFO HostContext] Well known directory 'Work': '/home/pompom/assign_2/actions-runner/_work'
[2025-12-01 13:53:33Z INFO HostContext] Well known directory 'Temp': '/home/pompom/assign_2/actions-runner/_work/_temp'
[2025-12-01 13:53:33Z INFO ExtensionManager] Getting extensions for interface: 'GitHub.Runner.Worker.IFileCommandExtension'
[2025-12-01 13:53:33Z INFO ExtensionManager] Creating instance: GitHub.Runner.Worker.AddPathFileCommand, Runner.Worker
[2025-12-01 13:53:33Z INFO ExtensionManager] Creating instance: GitHub.Runner.Worker.SetEnvFileCommand, Runner.Worker
[2025-12-01 13:53:33Z INFO ExtensionManager] Creating instance: GitHub.Runner.Worker.CreateStepSummaryCommand, Runner.Worker
[2025-12-01 13:53:33Z INFO ExtensionManager] Creating instance: GitHub.Runner.Worker.SaveStateFileCommand, Runner.Worker
[2025-12-01 13:53:33Z INFO ExtensionManager] Creating instance: GitHub.Runner.Worker.SetOutputFileCommand, Runner.Worker
[2025-12-01 13:53:33Z INFO ExtensionManager] Getting extensions for interface: 'GitHub.Runner.Worker.IActionCommandExtension'
[2025-12-01 13:53:33Z INFO ExtensionManager] Creating instance: GitHub.Runner.Worker.InternalPluginSetRepoPathCommandExtension, Runner.Worker
[2025-12-01 13:53:33Z INFO ExtensionManager] Creating instance: GitHub.Runner.Worker.SetEnvCommandExtension, Runner.Worker
[2025-12-01 13:53:33Z INFO ExtensionManager] Creating instance: GitHub.Runner.Worker.SetOutputCommandExtension, Runner.Worker
[2025-12-01 13:53:33Z INFO ExtensionManager] Creating instance: GitHub.Runner.Worker.SaveStateCommandExtension, Runner.Worker
[2025-12-01 13:53:33Z INFO ExtensionManager] Creating instance: GitHub.Runner.Worker.AddPathCommandExtension, Runner.Worker
[2025-12-01 13:53:33Z INFO ExtensionManager] Creating instance: GitHub.Runner.Worker.AddMaskCommandExtension, Runner.Worker
[2025-12-01 13:53:33Z INFO ExtensionManager] Creating instance: GitHub.Runner.Worker.AddMatcherCommandExtension, Runner.Worker
[2025-12-01 13:53:33Z INFO ExtensionManager] Creating instance: GitHub.Runner.Worker.RemoveMatcherCommandExtension, Runner.Worker
[2025-12-01 13:53:33Z INFO ExtensionManager] Creating instance: GitHub.Runner.Worker.WarningCommandExtension, Runner.Worker
[2025-12-01 13:53:33Z INFO ExtensionManager] Creating instance: GitHub.Runner.Worker.ErrorCommandExtension, Runner.Worker
[2025-12-01 13:53:33Z INFO ExtensionManager] Creating instance: GitHub.Runner.Worker.NoticeCommandExtension, Runner.Worker
[2025-12-01 13:53:33Z INFO ExtensionManager] Creating instance: GitHub.Runner.Worker.DebugCommandExtension, Runner.Worker
[2025-12-01 13:53:33Z INFO ExtensionManager] Creating instance: GitHub.Runner.Worker.GroupCommandExtension, Runner.Worker
[2025-12-01 13:53:33Z INFO ExtensionManager] Creating instance: GitHub.Runner.Worker.EndGroupCommandExtension, Runner.Worker
[2025-12-01 13:53:33Z INFO ExtensionManager] Creating instance: GitHub.Runner.Worker.EchoCommandExtension, Runner.Worker
[2025-12-01 13:53:33Z INFO ActionCommandManager] Register action command extension for command internal-set-repo-path
[2025-12-01 13:53:33Z INFO ActionCommandManager] Register action command extension for command set-env
[2025-12-01 13:53:33Z INFO ActionCommandManager] Register action command extension for command set-output
[2025-12-01 13:53:33Z INFO ActionCommandManager] Register action command extension for command save-state
[2025-12-01 13:53:33Z INFO ActionCommandManager] Register action command extension for command add-path
[2025-12-01 13:53:33Z INFO ActionCommandManager] Register action command extension for command add-mask
[2025-12-01 13:53:33Z INFO ActionCommandManager] Register action command extension for command add-matcher
[2025-12-01 13:53:33Z INFO ActionCommandManager] Register action command extension for command remove-matcher
[2025-12-01 13:53:33Z INFO ActionCommandManager] Register action command extension for command warning
[2025-12-01 13:53:33Z INFO ActionCommandManager] Register action command extension for command error
[2025-12-01 13:53:33Z INFO ActionCommandManager] Register action command extension for command notice
[2025-12-01 13:53:33Z INFO ActionCommandManager] Register action command extension for command debug
[2025-12-01 13:53:33Z INFO ActionCommandManager] Register action command extension for command group
[2025-12-01 13:53:33Z INFO ActionCommandManager] Register action command extension for command endgroup
[2025-12-01 13:53:33Z INFO ActionCommandManager] Register action command extension for command echo
[2025-12-01 13:53:33Z INFO ScriptHandler] Which2: 'bash'
[2025-12-01 13:53:33Z INFO ScriptHandler] Location: '/usr/bin/bash'
[2025-12-01 13:53:33Z INFO HostContext] Well known directory 'Bin': '/home/pompom/assign_2/actions-runner/bin'
[2025-12-01 13:53:33Z INFO HostContext] Well known directory 'Root': '/home/pompom/assign_2/actions-runner'
[2025-12-01 13:53:33Z INFO HostContext] Well known directory 'Work': '/home/pompom/assign_2/actions-runner/_work'
[2025-12-01 13:53:33Z INFO HostContext] Well known directory 'Temp': '/home/pompom/assign_2/actions-runner/_work/_temp'
[2025-12-01 13:53:33Z INFO ScriptHandler] Which2: 'bash'
[2025-12-01 13:53:33Z INFO ScriptHandler] Location: '/usr/bin/bash'
[2025-12-01 13:53:33Z INFO ProcessInvokerWrapper] Starting process:
[2025-12-01 13:53:33Z INFO ProcessInvokerWrapper]   File name: '/usr/bin/bash'
[2025-12-01 13:53:33Z INFO ProcessInvokerWrapper]   Arguments: '-e /home/pompom/assign_2/actions-runner/_work/_temp/f1abe96e-ecd5-445b-a7f2-a79df22cc23c.sh'
[2025-12-01 13:53:33Z INFO ProcessInvokerWrapper]   Working directory: '/home/pompom/assign_2/actions-runner/_work/assign_2/assign_2'
[2025-12-01 13:53:33Z INFO ProcessInvokerWrapper]   Require exit code zero: 'False'
[2025-12-01 13:53:33Z INFO ProcessInvokerWrapper]   Encoding web name:  ; code page: ''
[2025-12-01 13:53:33Z INFO ProcessInvokerWrapper]   Force kill process on cancellation: 'False'
[2025-12-01 13:53:33Z INFO ProcessInvokerWrapper]   Redirected STDIN: 'False'
[2025-12-01 13:53:33Z INFO ProcessInvokerWrapper]   Persist current code page: 'False'
[2025-12-01 13:53:33Z INFO ProcessInvokerWrapper]   Keep redirected STDIN open: 'False'
[2025-12-01 13:53:33Z INFO ProcessInvokerWrapper]   High priority process: 'False'
[2025-12-01 13:53:33Z INFO ProcessInvokerWrapper] Failed to update oom_score_adj for PID: 2042.
[2025-12-01 13:53:33Z INFO ProcessInvokerWrapper] System.UnauthorizedAccessException: Access to the path '/proc/2042/oom_score_adj' is denied.
 ---> System.IO.IOException: Permission denied
   --- End of inner exception stack trace ---
   at Interop.ThrowExceptionForIoErrno(ErrorInfo errorInfo, String path, Boolean isDirError)
   at Microsoft.Win32.SafeHandles.SafeFileHandle.Open(String path, OpenFlags flags, Int32 mode, Boolean failForSymlink, Boolean& wasSymlink, Func`4 createOpenException)
   at Microsoft.Win32.SafeHandles.SafeFileHandle.Open(String fullPath, FileMode mode, FileAccess access, FileShare share, FileOptions options, Int64 preallocationSize, UnixFileMode openPermissions, Int64& fileLength, UnixFileMode& filePermissions, Boolean failForSymlink, Boolean& wasSymlink, Func`4 createOpenException)
   at System.IO.File.OpenHandle(String path, FileMode mode, FileAccess access, FileShare share, FileOptions options, Int64 preallocationSize)
   at System.IO.File.WriteToFile(String path, FileMode mode, String contents, Encoding encoding)
   at GitHub.Runner.Sdk.ProcessInvoker.WriteProcessOomScoreAdj(Int32 processId, Int32 oomScoreAdj)
[2025-12-01 13:53:33Z INFO ProcessInvokerWrapper] Process started with process id 2042, waiting for process exit.
[2025-12-01 13:53:33Z INFO ProcessInvokerWrapper] STDOUT/STDERR stream read finished.
[2025-12-01 13:53:33Z INFO ProcessInvokerWrapper] STDOUT/STDERR stream read finished.
[2025-12-01 13:53:33Z INFO ProcessInvokerWrapper] Finished process 2042 with exit code 0, and elapsed time 00:00:00.0148308.
[2025-12-01 13:53:33Z INFO Worker] Listening for cancel message from the channel.
[2025-12-01 13:53:33Z INFO CreateStepSummaryCommand] Step Summary file (/home/pompom/assign_2/actions-runner/_work/_temp/_runner_file_commands/step_summary_e90864ed-2946-4ad3-9f68-f2a8a146cebf) is empty; skipping attachment upload
[2025-12-01 13:53:33Z INFO Worker] Waiting for the job to complete or for a cancel message from the channel.
[2025-12-01 13:53:33Z INFO StepsRunner] Step result: 
[2025-12-01 13:53:33Z INFO ExecutionContext] Publish step telemetry for current step {
  "action": "sh",
  "type": "run",
  "stage": "Main",
  "stepId": "5484da87-f935-4534-82b7-b8020980e502",
  "stepContextName": "__run",
  "result": "succeeded",
  "errorMessages": [],
  "executionTimeInSeconds": 1,
  "startTime": "2025-12-01T13:53:33.3865798Z",
  "finishTime": "2025-12-01T13:53:33.4813117Z"
}.
[2025-12-01 13:53:33Z INFO StepsRunner] No need for updating job result with current step result 'Succeeded'.
[2025-12-01 13:53:33Z INFO StepsRunner] Current state: job state = ''
[2025-12-01 13:53:33Z INFO StepsRunner] Processing step: DisplayName='Pull latest changes'
[2025-12-01 13:53:33Z INFO StepsRunner] Evaluating: success()
[2025-12-01 13:53:33Z INFO StepsRunner] Result: true
[2025-12-01 13:53:33Z INFO StepsRunner] Starting the step.
[2025-12-01 13:53:33Z INFO HostContext] Well known directory 'Bin': '/home/pompom/assign_2/actions-runner/bin'
[2025-12-01 13:53:33Z INFO HostContext] Well known directory 'Root': '/home/pompom/assign_2/actions-runner'
[2025-12-01 13:53:33Z INFO HostContext] Well known directory 'Work': '/home/pompom/assign_2/actions-runner/_work'
[2025-12-01 13:53:33Z INFO HostContext] Well known directory 'Temp': '/home/pompom/assign_2/actions-runner/_work/_temp'
[2025-12-01 13:53:33Z INFO ExecutionContext] Write event payload to /home/pompom/assign_2/actions-runner/_work/_temp/_github_workflow/event.json
[2025-12-01 13:53:33Z INFO HostContext] Well known directory 'Bin': '/home/pompom/assign_2/actions-runner/bin'
[2025-12-01 13:53:33Z INFO HostContext] Well known directory 'Root': '/home/pompom/assign_2/actions-runner'
[2025-12-01 13:53:33Z INFO HostContext] Well known directory 'Work': '/home/pompom/assign_2/actions-runner/_work'
[2025-12-01 13:53:33Z INFO HostContext] Well known directory 'Temp': '/home/pompom/assign_2/actions-runner/_work/_temp'
[2025-12-01 13:53:33Z INFO ExtensionManager] Getting extensions for interface: 'GitHub.Runner.Worker.IFileCommandExtension'
[2025-12-01 13:53:33Z INFO ExtensionManager] Getting extensions for interface: 'GitHub.Runner.Worker.IActionCommandExtension'
[2025-12-01 13:53:33Z INFO ActionCommandManager] Register action command extension for command internal-set-repo-path
[2025-12-01 13:53:33Z INFO ActionCommandManager] Register action command extension for command set-env
[2025-12-01 13:53:33Z INFO ActionCommandManager] Register action command extension for command set-output
[2025-12-01 13:53:33Z INFO ActionCommandManager] Register action command extension for command save-state
[2025-12-01 13:53:33Z INFO ActionCommandManager] Register action command extension for command add-path
[2025-12-01 13:53:33Z INFO ActionCommandManager] Register action command extension for command add-mask
[2025-12-01 13:53:33Z INFO ActionCommandManager] Register action command extension for command add-matcher
[2025-12-01 13:53:33Z INFO ActionCommandManager] Register action command extension for command remove-matcher
[2025-12-01 13:53:33Z INFO ActionCommandManager] Register action command extension for command warning
[2025-12-01 13:53:33Z INFO ActionCommandManager] Register action command extension for command error
[2025-12-01 13:53:33Z INFO ActionCommandManager] Register action command extension for command notice
[2025-12-01 13:53:33Z INFO ActionCommandManager] Register action command extension for command debug
[2025-12-01 13:53:33Z INFO ActionCommandManager] Register action command extension for command group
[2025-12-01 13:53:33Z INFO ActionCommandManager] Register action command extension for command endgroup
[2025-12-01 13:53:33Z INFO ActionCommandManager] Register action command extension for command echo
[2025-12-01 13:53:33Z INFO ScriptHandler] Which2: 'bash'
[2025-12-01 13:53:33Z INFO ScriptHandler] Location: '/usr/bin/bash'
[2025-12-01 13:53:33Z INFO HostContext] Well known directory 'Bin': '/home/pompom/assign_2/actions-runner/bin'
[2025-12-01 13:53:33Z INFO HostContext] Well known directory 'Root': '/home/pompom/assign_2/actions-runner'
[2025-12-01 13:53:33Z INFO HostContext] Well known directory 'Work': '/home/pompom/assign_2/actions-runner/_work'
[2025-12-01 13:53:33Z INFO HostContext] Well known directory 'Temp': '/home/pompom/assign_2/actions-runner/_work/_temp'
[2025-12-01 13:53:33Z INFO ScriptHandler] Which2: 'bash'
[2025-12-01 13:53:33Z INFO ScriptHandler] Location: '/usr/bin/bash'
[2025-12-01 13:53:33Z INFO ProcessInvokerWrapper] Starting process:
[2025-12-01 13:53:33Z INFO ProcessInvokerWrapper]   File name: '/usr/bin/bash'
[2025-12-01 13:53:33Z INFO ProcessInvokerWrapper]   Arguments: '-e /home/pompom/assign_2/actions-runner/_work/_temp/e5a9079c-8aa9-42a3-849f-b24926717a17.sh'
[2025-12-01 13:53:33Z INFO ProcessInvokerWrapper]   Working directory: '/home/pompom/assign_2'
[2025-12-01 13:53:33Z INFO ProcessInvokerWrapper]   Require exit code zero: 'False'
[2025-12-01 13:53:33Z INFO ProcessInvokerWrapper]   Encoding web name:  ; code page: ''
[2025-12-01 13:53:33Z INFO ProcessInvokerWrapper]   Force kill process on cancellation: 'False'
[2025-12-01 13:53:33Z INFO ProcessInvokerWrapper]   Redirected STDIN: 'False'
[2025-12-01 13:53:33Z INFO ProcessInvokerWrapper]   Persist current code page: 'False'
[2025-12-01 13:53:33Z INFO ProcessInvokerWrapper]   Keep redirected STDIN open: 'False'
[2025-12-01 13:53:33Z INFO ProcessInvokerWrapper]   High priority process: 'False'
[2025-12-01 13:53:33Z INFO ProcessInvokerWrapper] Updated oom_score_adj to 500 for PID: 2044.
[2025-12-01 13:53:33Z INFO ProcessInvokerWrapper] Process started with process id 2044, waiting for process exit.
[2025-12-01 13:53:34Z INFO ResultServer] Successfully started websocket client.
[2025-12-01 13:53:34Z INFO JobServerQueue] Try to append 1 batches web console lines for record '4f56cfb8-7ae0-4875-9448-4eae616a993f', success rate: 1/1.
[2025-12-01 13:53:34Z INFO JobServerQueue] Got a step log file to send to results service.
[2025-12-01 13:53:34Z INFO JobServerQueue] Starting upload of step log file to results service ResultsLog, /home/pompom/assign_2/actions-runner/_diag/blocks/e7fff10d-8483-491a-9ffd-e1a535ee8896_4f56cfb8-7ae0-4875-9448-4eae616a993f.1
[2025-12-01 13:53:34Z INFO JobServerQueue] Try to upload 2 log files or attachments, success rate: 2/2.
[2025-12-01 13:53:34Z INFO JobServerQueue] Try to append 1 batches web console lines for record '5484da87-f935-4534-82b7-b8020980e502', success rate: 1/1.
[2025-12-01 13:53:34Z INFO JobServerQueue] Try to append 1 batches web console lines for record '20205477-ad35-4456-8cc8-ba254b698255', success rate: 1/1.
[2025-12-01 13:53:34Z INFO ProcessInvokerWrapper] STDOUT/STDERR stream read finished.
[2025-12-01 13:53:34Z INFO ProcessInvokerWrapper] STDOUT/STDERR stream read finished.
[2025-12-01 13:53:34Z INFO ProcessInvokerWrapper] Finished process 2044 with exit code 0, and elapsed time 00:00:01.0079836.
[2025-12-01 13:53:34Z INFO CreateStepSummaryCommand] Step Summary file (/home/pompom/assign_2/actions-runner/_work/_temp/_runner_file_commands/step_summary_669ede5b-6646-4813-a3bc-c3a4dc5ba77a) is empty; skipping attachment upload
[2025-12-01 13:53:34Z INFO StepsRunner] Step result: 
[2025-12-01 13:53:34Z INFO ExecutionContext] Publish step telemetry for current step {
  "action": "sh",
  "type": "run",
  "stage": "Main",
  "stepId": "20205477-ad35-4456-8cc8-ba254b698255",
  "stepContextName": "__run_2",
  "result": "succeeded",
  "errorMessages": [],
  "executionTimeInSeconds": 2,
  "startTime": "2025-12-01T13:53:33.4823912Z",
  "finishTime": "2025-12-01T13:53:34.4987184Z"
}.
[2025-12-01 13:53:34Z INFO StepsRunner] No need for updating job result with current step result 'Succeeded'.
[2025-12-01 13:53:34Z INFO StepsRunner] Current state: job state = ''
[2025-12-01 13:53:34Z INFO StepsRunner] Processing step: DisplayName='Restart Docker'
[2025-12-01 13:53:34Z INFO StepsRunner] Evaluating: success()
[2025-12-01 13:53:34Z INFO StepsRunner] Result: true
[2025-12-01 13:53:34Z INFO StepsRunner] Starting the step.
[2025-12-01 13:53:34Z INFO HostContext] Well known directory 'Bin': '/home/pompom/assign_2/actions-runner/bin'
[2025-12-01 13:53:34Z INFO HostContext] Well known directory 'Root': '/home/pompom/assign_2/actions-runner'
[2025-12-01 13:53:34Z INFO HostContext] Well known directory 'Work': '/home/pompom/assign_2/actions-runner/_work'
[2025-12-01 13:53:34Z INFO HostContext] Well known directory 'Temp': '/home/pompom/assign_2/actions-runner/_work/_temp'
[2025-12-01 13:53:34Z INFO ExecutionContext] Write event payload to /home/pompom/assign_2/actions-runner/_work/_temp/_github_workflow/event.json
[2025-12-01 13:53:34Z INFO HostContext] Well known directory 'Bin': '/home/pompom/assign_2/actions-runner/bin'
[2025-12-01 13:53:34Z INFO HostContext] Well known directory 'Root': '/home/pompom/assign_2/actions-runner'
[2025-12-01 13:53:34Z INFO HostContext] Well known directory 'Work': '/home/pompom/assign_2/actions-runner/_work'
[2025-12-01 13:53:34Z INFO HostContext] Well known directory 'Temp': '/home/pompom/assign_2/actions-runner/_work/_temp'
[2025-12-01 13:53:34Z INFO ExtensionManager] Getting extensions for interface: 'GitHub.Runner.Worker.IFileCommandExtension'
[2025-12-01 13:53:34Z INFO ExtensionManager] Getting extensions for interface: 'GitHub.Runner.Worker.IActionCommandExtension'
[2025-12-01 13:53:34Z INFO ActionCommandManager] Register action command extension for command internal-set-repo-path
[2025-12-01 13:53:34Z INFO ActionCommandManager] Register action command extension for command set-env
[2025-12-01 13:53:34Z INFO ActionCommandManager] Register action command extension for command set-output
[2025-12-01 13:53:34Z INFO ActionCommandManager] Register action command extension for command save-state
[2025-12-01 13:53:34Z INFO ActionCommandManager] Register action command extension for command add-path
[2025-12-01 13:53:34Z INFO ActionCommandManager] Register action command extension for command add-mask
[2025-12-01 13:53:34Z INFO ActionCommandManager] Register action command extension for command add-matcher
[2025-12-01 13:53:34Z INFO ActionCommandManager] Register action command extension for command remove-matcher
[2025-12-01 13:53:34Z INFO ActionCommandManager] Register action command extension for command warning
[2025-12-01 13:53:34Z INFO ActionCommandManager] Register action command extension for command error
[2025-12-01 13:53:34Z INFO ActionCommandManager] Register action command extension for command notice
[2025-12-01 13:53:34Z INFO ActionCommandManager] Register action command extension for command debug
[2025-12-01 13:53:34Z INFO ActionCommandManager] Register action command extension for command group
[2025-12-01 13:53:34Z INFO ActionCommandManager] Register action command extension for command endgroup
[2025-12-01 13:53:34Z INFO ActionCommandManager] Register action command extension for command echo
[2025-12-01 13:53:34Z INFO ScriptHandler] Which2: 'bash'
[2025-12-01 13:53:34Z INFO ScriptHandler] Location: '/usr/bin/bash'
[2025-12-01 13:53:34Z INFO HostContext] Well known directory 'Bin': '/home/pompom/assign_2/actions-runner/bin'
[2025-12-01 13:53:34Z INFO HostContext] Well known directory 'Root': '/home/pompom/assign_2/actions-runner'
[2025-12-01 13:53:34Z INFO HostContext] Well known directory 'Work': '/home/pompom/assign_2/actions-runner/_work'
[2025-12-01 13:53:34Z INFO HostContext] Well known directory 'Temp': '/home/pompom/assign_2/actions-runner/_work/_temp'
[2025-12-01 13:53:34Z INFO ScriptHandler] Which2: 'bash'
[2025-12-01 13:53:34Z INFO ScriptHandler] Location: '/usr/bin/bash'
[2025-12-01 13:53:34Z INFO ProcessInvokerWrapper] Starting process:
[2025-12-01 13:53:34Z INFO ProcessInvokerWrapper]   File name: '/usr/bin/bash'
[2025-12-01 13:53:34Z INFO ProcessInvokerWrapper]   Arguments: '-e /home/pompom/assign_2/actions-runner/_work/_temp/1fb30a06-73dd-4c96-b2d1-ed881ac0be51.sh'
[2025-12-01 13:53:34Z INFO ProcessInvokerWrapper]   Working directory: '/home/pompom/assign_2'
[2025-12-01 13:53:34Z INFO ProcessInvokerWrapper]   Require exit code zero: 'False'
[2025-12-01 13:53:34Z INFO ProcessInvokerWrapper]   Encoding web name:  ; code page: ''
[2025-12-01 13:53:34Z INFO ProcessInvokerWrapper]   Force kill process on cancellation: 'False'
[2025-12-01 13:53:34Z INFO ProcessInvokerWrapper]   Redirected STDIN: 'False'
[2025-12-01 13:53:34Z INFO ProcessInvokerWrapper]   Persist current code page: 'False'
[2025-12-01 13:53:34Z INFO ProcessInvokerWrapper]   Keep redirected STDIN open: 'False'
[2025-12-01 13:53:34Z INFO ProcessInvokerWrapper]   High priority process: 'False'
[2025-12-01 13:53:34Z INFO ProcessInvokerWrapper] Updated oom_score_adj to 500 for PID: 2053.
[2025-12-01 13:53:34Z INFO ProcessInvokerWrapper] Process started with process id 2053, waiting for process exit.
[2025-12-01 13:53:34Z INFO JobServerQueue] Try to append 1 batches web console lines for record '20205477-ad35-4456-8cc8-ba254b698255', success rate: 1/1.
[2025-12-01 13:53:34Z INFO JobServerQueue] Try to append 1 batches web console lines for record 'fac47c22-1b2b-43b1-8f4f-c6a41da20227', success rate: 1/1.
[2025-12-01 13:53:34Z INFO ProcessInvokerWrapper] STDOUT/STDERR stream read finished.
[2025-12-01 13:53:34Z INFO ProcessInvokerWrapper] STDOUT/STDERR stream read finished.
[2025-12-01 13:53:34Z INFO ProcessInvokerWrapper] Finished process 2053 with exit code 1, and elapsed time 00:00:00.1676574.
[2025-12-01 13:53:34Z INFO CreateStepSummaryCommand] Step Summary file (/home/pompom/assign_2/actions-runner/_work/_temp/_runner_file_commands/step_summary_e7a4483b-361a-4ae2-913a-64cde975f529) is empty; skipping attachment upload
[2025-12-01 13:53:34Z INFO StepsRunner] Step result: Failed
[2025-12-01 13:53:34Z INFO ExecutionContext] Publish step telemetry for current step {
  "action": "sh",
  "type": "run",
  "stage": "Main",
  "stepId": "fac47c22-1b2b-43b1-8f4f-c6a41da20227",
  "stepContextName": "__run_3",
  "result": "failed",
  "errorMessages": [
    "Process completed with exit code 1."
  ],
  "executionTimeInSeconds": 1,
  "startTime": "2025-12-01T13:53:34.4994763Z",
  "finishTime": "2025-12-01T13:53:34.6805014Z"
}.
[2025-12-01 13:53:34Z INFO StepsRunner] Update job result with current step result 'Failed'.
[2025-12-01 13:53:34Z INFO StepsRunner] Current state: job state = 'Failed'
[2025-12-01 13:53:34Z INFO JobRunner] Finalize job.
[2025-12-01 13:53:34Z INFO HostContext] Well known directory 'Bin': '/home/pompom/assign_2/actions-runner/bin'
[2025-12-01 13:53:34Z INFO HostContext] Well known directory 'Root': '/home/pompom/assign_2/actions-runner'
[2025-12-01 13:53:34Z INFO HostContext] Well known directory 'Diag': '/home/pompom/assign_2/actions-runner/_diag'
[2025-12-01 13:53:34Z INFO HostContext] Well known directory 'Bin': '/home/pompom/assign_2/actions-runner/bin'
[2025-12-01 13:53:34Z INFO HostContext] Well known directory 'Root': '/home/pompom/assign_2/actions-runner'
[2025-12-01 13:53:34Z INFO HostContext] Well known directory 'Diag': '/home/pompom/assign_2/actions-runner/_diag'
[2025-12-01 13:53:34Z INFO JobExtension] Initialize Env context
[2025-12-01 13:53:34Z INFO JobExtension] Initialize steps context
[2025-12-01 13:53:34Z INFO JobExtension] Total accessible running process: 26.
[2025-12-01 13:53:34Z INFO ExecutionContext] Publish step telemetry for current step {
  "action": "complete_job",
  "type": "runner",
  "stage": "Post",
  "stepId": "b1f2c675-ea87-4e4a-be0b-f613e850c16a",
  "result": "succeeded",
  "errorMessages": [],
  "executionTimeInSeconds": 1,
  "startTime": "2025-12-01T13:53:34.6893399Z",
  "finishTime": "2025-12-01T13:53:34.6955783Z"
}.
[2025-12-01 13:53:34Z INFO JobRunner] Job result after all job steps finish: Failed
[2025-12-01 13:53:34Z INFO JobRunner] Completing the job execution context.
[2025-12-01 13:53:34Z INFO JobRunner] Shutting down the job server queue.
[2025-12-01 13:53:34Z INFO JobServerQueue] Fire signal to shutdown all queues.
[2025-12-01 13:53:34Z INFO JobServerQueue] Job timeline record has been updated for the first time.
[2025-12-01 13:53:35Z INFO JobServerQueue] Catch exception during file upload to results, keep going since the process is best effort.
[2025-12-01 13:53:35Z ERR  JobRunner] Caught exception from JobServerQueue.ShutdownAsync
[2025-12-01 13:53:35Z ERR  JobRunner] System.TypeLoadException: Could not resolve type 'GitHub.Services.Results.Client.ResultsHttpClient' in assembly 'Sdk, Version=2.329.0.0, Culture=neutral, PublicKeyToken=null'.
   at System.Reflection.TypeNameParser.GetTypeFromDefaultAssemblies(String typeName, ReadOnlySpan`1 nestedTypeNames)
   at System.Reflection.TypeNameParser.GetType(String typeName, ReadOnlySpan`1 nestedTypeNames, String assemblyNameIfAny)
   at System.Reflection.TypeNameParser.NestedNamespaceTypeName.ResolveType(TypeNameParser& parser, String containingAssemblyIfAny)
   at System.Reflection.TypeNameParser.GetTypeHelper(Char* pTypeName, RuntimeAssembly requestingAssembly, Boolean throwOnError, Boolean requireAssemblyQualifiedName)
   at System.Reflection.CustomAttribute._CreateCaObject(RuntimeModule pModule, RuntimeType type, IRuntimeMethodInfo pCtor, Byte** ppBlob, Byte* pEndBlob, Int32* pcNamedArgs)
   at System.Reflection.CustomAttribute.AddCustomAttributes(ListBuilder`1& attributes, RuntimeModule decoratedModule, Int32 decoratedMetadataToken, RuntimeType attributeFilterType, Boolean mustBeInheritable, ListBuilder`1 derivedAttributes)
   at System.Reflection.CustomAttribute.GetCustomAttributes(RuntimeModule decoratedModule, Int32 decoratedMetadataToken, Int32 pcaCount, RuntimeType attributeFilterType)
   at System.Reflection.CustomAttribute.GetCustomAttributes(RuntimeMethodInfo method, RuntimeType caType, Boolean inherit)
   at System.Attribute.GetCustomAttributes(MemberInfo element, Type attributeType, Boolean inherit)
   at System.Diagnostics.StackTrace.TryResolveStateMachineMethod(MethodBase& method, Type& declaringType)
   at System.Diagnostics.StackTrace.ToString(TraceFormat traceFormat, StringBuilder sb)
   at System.Diagnostics.StackTrace.ToString(TraceFormat traceFormat)
   at System.Exception.get_StackTrace()
   at System.IO.FileNotFoundException.ToString()
   at GitHub.Runner.Common.Tracing.Error(Exception exception)
   at GitHub.Runner.Common.JobServerQueue.ProcessResultsUploadQueueAsync(Boolean runOnce)
   at GitHub.Runner.Common.JobServerQueue.ShutdownAsync()
   at GitHub.Runner.Worker.JobRunner.ShutdownQueue(Boolean throwOnFailure)
[2025-12-01 13:53:35Z INFO TempDirectoryManager] Cleaning runner temp folder: /home/pompom/assign_2/actions-runner/_work/_temp
[2025-12-01 13:53:35Z INFO HostContext] Well known directory 'Bin': '/home/pompom/assign_2/actions-runner/bin'
[2025-12-01 13:53:35Z INFO HostContext] Well known directory 'Root': '/home/pompom/assign_2/actions-runner'
[2025-12-01 13:53:35Z INFO HostContext] Well known directory 'Diag': '/home/pompom/assign_2/actions-runner/_diag'
[2025-12-01 13:53:35Z INFO HostContext] Well known config file 'Telemetry': '/home/pompom/assign_2/actions-runner/_diag/.telemetry'
[2025-12-01 13:53:35Z INFO JobRunner] Raising job completed against run service
[2025-12-01 13:53:36Z INFO Worker] Job completed.
